{
  "uid" : "73b17e4e950a27c3",
  "name" : "测试更新管理员信息",
  "fullName" : "edu.tongji.backend.controller.AdminControllerTest.updateAdminInfoTestSuits",
  "historyId" : "805ca922a114f6f82d15a34e73b14832",
  "time" : {
    "start" : 1719059171493,
    "stop" : 1719059171820,
    "duration" : 327
  },
  "description" : "",
  "status" : "failed",
  "statusMessage" : "Status expected:<200> but was:<405>",
  "statusTrace" : "java.lang.AssertionError: Status expected:<200> but was:<405>\r\n\tat org.springframework.test.util.AssertionErrors.fail(AssertionErrors.java:59)\r\n\tat org.springframework.test.util.AssertionErrors.assertEquals(AssertionErrors.java:122)\r\n\tat org.springframework.test.web.servlet.result.StatusResultMatchers.lambda$matcher$9(StatusResultMatchers.java:627)\r\n\tat org.springframework.test.web.servlet.MockMvc$1.andExpect(MockMvc.java:196)\r\n\tat edu.tongji.backend.controller.AdminControllerTest.updateAdminInfoTest(AdminControllerTest.java:105)\r\n\tat edu.tongji.backend.controller.AdminControllerTest.updateAdminInfoTestSuits(AdminControllerTest.java:85)\r\n\tat java.base/jdk.internal.reflect.DirectMethodHandleAccessor.invoke(DirectMethodHandleAccessor.java:104)\r\n\tat java.base/java.lang.reflect.Method.invoke(Method.java:578)\r\n\tat org.junit.platform.commons.util.ReflectionUtils.invokeMethod(ReflectionUtils.java:675)\r\n\tat org.junit.jupiter.engine.execution.MethodInvocation.proceed(MethodInvocation.java:60)\r\n\tat org.junit.jupiter.engine.execution.InvocationInterceptorChain$ValidatingInvocation.proceed(InvocationInterceptorChain.java:125)\r\n\tat org.junit.jupiter.engine.extension.TimeoutExtension.intercept(TimeoutExtension.java:132)\r\n\tat org.junit.jupiter.engine.extension.TimeoutExtension.interceptTestableMethod(TimeoutExtension.java:124)\r\n\tat org.junit.jupiter.engine.extension.TimeoutExtension.interceptTestMethod(TimeoutExtension.java:74)\r\n\tat org.junit.jupiter.engine.execution.ExecutableInvoker$ReflectiveInterceptorCall.lambda$ofVoidMethod$0(ExecutableInvoker.java:115)\r\n\tat org.junit.jupiter.engine.execution.ExecutableInvoker.lambda$invoke$0(ExecutableInvoker.java:105)\r\n\tat org.junit.jupiter.engine.execution.InvocationInterceptorChain$InterceptedInvocation.proceed(InvocationInterceptorChain.java:104)\r\n\tat org.junit.jupiter.engine.execution.InvocationInterceptorChain.proceed(InvocationInterceptorChain.java:62)\r\n\tat org.junit.jupiter.engine.execution.InvocationInterceptorChain.chainAndInvoke(InvocationInterceptorChain.java:43)\r\n\tat org.junit.jupiter.engine.execution.InvocationInterceptorChain.invoke(InvocationInterceptorChain.java:35)\r\n\tat org.junit.jupiter.engine.execution.ExecutableInvoker.invoke(ExecutableInvoker.java:104)\r\n\tat org.junit.jupiter.engine.execution.ExecutableInvoker.invoke(ExecutableInvoker.java:98)\r\n\tat org.junit.jupiter.engine.descriptor.TestMethodTestDescriptor.lambda$invokeTestMethod$6(TestMethodTestDescriptor.java:202)\r\n\tat org.junit.platform.engine.support.hierarchical.ThrowableCollector.execute(ThrowableCollector.java:73)\r\n\tat org.junit.jupiter.engine.descriptor.TestMethodTestDescriptor.invokeTestMethod(TestMethodTestDescriptor.java:198)\r\n\tat org.junit.jupiter.engine.descriptor.TestMethodTestDescriptor.execute(TestMethodTestDescriptor.java:135)\r\n\tat org.junit.jupiter.engine.descriptor.TestMethodTestDescriptor.execute(TestMethodTestDescriptor.java:69)\r\n\tat org.junit.platform.engine.support.hierarchical.NodeTestTask.lambda$executeRecursively$5(NodeTestTask.java:135)\r\n\tat org.junit.platform.engine.support.hierarchical.ThrowableCollector.execute(ThrowableCollector.java:73)\r\n\tat org.junit.platform.engine.support.hierarchical.NodeTestTask.lambda$executeRecursively$7(NodeTestTask.java:125)\r\n\tat org.junit.platform.engine.support.hierarchical.Node.around(Node.java:135)\r\n\tat org.junit.platform.engine.support.hierarchical.NodeTestTask.lambda$executeRecursively$8(NodeTestTask.java:123)\r\n\tat org.junit.platform.engine.support.hierarchical.ThrowableCollector.execute(ThrowableCollector.java:73)\r\n\tat org.junit.platform.engine.support.hierarchical.NodeTestTask.executeRecursively(NodeTestTask.java:122)\r\n\tat org.junit.platform.engine.support.hierarchical.NodeTestTask.execute(NodeTestTask.java:80)\r\n\tat java.base/java.util.ArrayList.forEach(ArrayList.java:1511)\r\n\tat org.junit.platform.engine.support.hierarchical.SameThreadHierarchicalTestExecutorService.invokeAll(SameThreadHierarchicalTestExecutorService.java:38)\r\n\tat org.junit.platform.engine.support.hierarchical.NodeTestTask.lambda$executeRecursively$5(NodeTestTask.java:139)\r\n\tat org.junit.platform.engine.support.hierarchical.ThrowableCollector.execute(ThrowableCollector.java:73)\r\n\tat org.junit.platform.engine.support.hierarchical.NodeTestTask.lambda$executeRecursively$7(NodeTestTask.java:125)\r\n\tat org.junit.platform.engine.support.hierarchical.Node.around(Node.java:135)\r\n\tat org.junit.platform.engine.support.hierarchical.NodeTestTask.lambda$executeRecursively$8(NodeTestTask.java:123)\r\n\tat org.junit.platform.engine.support.hierarchical.ThrowableCollector.execute(ThrowableCollector.java:73)\r\n\tat org.junit.platform.engine.support.hierarchical.NodeTestTask.executeRecursively(NodeTestTask.java:122)\r\n\tat org.junit.platform.engine.support.hierarchical.NodeTestTask.execute(NodeTestTask.java:80)\r\n\tat java.base/java.util.ArrayList.forEach(ArrayList.java:1511)\r\n\tat org.junit.platform.engine.support.hierarchical.SameThreadHierarchicalTestExecutorService.invokeAll(SameThreadHierarchicalTestExecutorService.java:38)\r\n\tat org.junit.platform.engine.support.hierarchical.NodeTestTask.lambda$executeRecursively$5(NodeTestTask.java:139)\r\n\tat org.junit.platform.engine.support.hierarchical.ThrowableCollector.execute(ThrowableCollector.java:73)\r\n\tat org.junit.platform.engine.support.hierarchical.NodeTestTask.lambda$executeRecursively$7(NodeTestTask.java:125)\r\n\tat org.junit.platform.engine.support.hierarchical.Node.around(Node.java:135)\r\n\tat org.junit.platform.engine.support.hierarchical.NodeTestTask.lambda$executeRecursively$8(NodeTestTask.java:123)\r\n\tat org.junit.platform.engine.support.hierarchical.ThrowableCollector.execute(ThrowableCollector.java:73)\r\n\tat org.junit.platform.engine.support.hierarchical.NodeTestTask.executeRecursively(NodeTestTask.java:122)\r\n\tat org.junit.platform.engine.support.hierarchical.NodeTestTask.execute(NodeTestTask.java:80)\r\n\tat org.junit.platform.engine.support.hierarchical.SameThreadHierarchicalTestExecutorService.submit(SameThreadHierarchicalTestExecutorService.java:32)\r\n\tat org.junit.platform.engine.support.hierarchical.HierarchicalTestExecutor.execute(HierarchicalTestExecutor.java:57)\r\n\tat org.junit.platform.engine.support.hierarchical.HierarchicalTestEngine.execute(HierarchicalTestEngine.java:51)\r\n\tat org.junit.platform.launcher.core.DefaultLauncher.execute(DefaultLauncher.java:229)\r\n\tat org.junit.platform.launcher.core.DefaultLauncher.lambda$execute$6(DefaultLauncher.java:197)\r\n\tat org.junit.platform.launcher.core.DefaultLauncher.withInterceptedStreams(DefaultLauncher.java:211)\r\n\tat org.junit.platform.launcher.core.DefaultLauncher.execute(DefaultLauncher.java:191)\r\n\tat org.junit.platform.launcher.core.DefaultLauncher.execute(DefaultLauncher.java:128)\r\n\tat com.intellij.junit5.JUnit5IdeaTestRunner.startRunnerWithArgs(JUnit5IdeaTestRunner.java:57)\r\n\tat com.intellij.rt.junit.IdeaTestRunner$Repeater$1.execute(IdeaTestRunner.java:38)\r\n\tat com.intellij.rt.execution.junit.TestsRepeater.repeat(TestsRepeater.java:11)\r\n\tat com.intellij.rt.junit.IdeaTestRunner$Repeater.startRunnerWithArgs(IdeaTestRunner.java:35)\r\n\tat com.intellij.rt.junit.JUnitStarter.prepareStreamsAndStart(JUnitStarter.java:232)\r\n\tat com.intellij.rt.junit.JUnitStarter.main(JUnitStarter.java:55)\r\n",
  "flaky" : true,
  "beforeStages" : [ ],
  "afterStages" : [ ],
  "labels" : [ {
    "name" : "epic",
    "value" : "糖小智"
  }, {
    "name" : "feature",
    "value" : "AdminController"
  }, {
    "name" : "host",
    "value" : "LAPTOP-E123ER6H"
  }, {
    "name" : "thread",
    "value" : "21296@LAPTOP-E123ER6H.main(1)"
  }, {
    "name" : "framework",
    "value" : "junit-platform"
  }, {
    "name" : "language",
    "value" : "java"
  }, {
    "name" : "package",
    "value" : "edu.tongji.backend.controller.AdminControllerTest"
  }, {
    "name" : "testClass",
    "value" : "edu.tongji.backend.controller.AdminControllerTest"
  }, {
    "name" : "testMethod",
    "value" : "updateAdminInfoTestSuits"
  }, {
    "name" : "suite",
    "value" : "edu.tongji.backend.controller.AdminControllerTest"
  }, {
    "name" : "resultFormat",
    "value" : "allure2"
  } ],
  "parameters" : [ ],
  "links" : [ ],
  "hidden" : false,
  "retry" : false,
  "extra" : {
    "severity" : "normal",
    "retries" : [ {
      "uid" : "7291095638627281",
      "status" : "broken",
      "statusDetails" : "class org.springframework.test.web.servlet.DefaultMvcResult cannot be cast to class org.springframework.test.web.servlet.ResultActions (org.springframework.test.web.servlet.DefaultMvcResult and org.springframework.test.web.servlet.ResultActions are in unnamed module of loader 'app')",
      "time" : {
        "start" : 1719057913795,
        "stop" : 1719057914125,
        "duration" : 330
      }
    }, {
      "uid" : "4119cdb9612ba5cf",
      "status" : "failed",
      "statusDetails" : "Status expected:<200> but was:<405>",
      "time" : {
        "start" : 1719057852601,
        "stop" : 1719057853005,
        "duration" : 404
      }
    }, {
      "uid" : "150866cc57141ccc",
      "status" : "failed",
      "statusDetails" : "Status expected:<200> but was:<405>",
      "time" : {
        "start" : 1719057639250,
        "stop" : 1719057639559,
        "duration" : 309
      }
    }, {
      "uid" : "fc9d5605a9789fe",
      "status" : "failed",
      "statusDetails" : "Status expected:<200> but was:<405>",
      "time" : {
        "start" : 1719057438475,
        "stop" : 1719057438797,
        "duration" : 322
      }
    }, {
      "uid" : "23b73789058b4d27",
      "status" : "failed",
      "statusDetails" : "Status expected:<200> but was:<405>",
      "time" : {
        "start" : 1719057348390,
        "stop" : 1719057348696,
        "duration" : 306
      }
    }, {
      "uid" : "18bf1e14852b57ed",
      "status" : "broken",
      "statusDetails" : "Cannot invoke \"org.springframework.test.web.servlet.MockMvc.perform(org.springframework.test.web.servlet.RequestBuilder)\" because \"this.mockMvc\" is null",
      "time" : {
        "start" : 1719057265186,
        "stop" : 1719057265502,
        "duration" : 316
      }
    }, {
      "uid" : "8771db426b70e699",
      "status" : "broken",
      "statusDetails" : "Cannot invoke \"org.springframework.data.redis.core.StringRedisTemplate.opsForHash()\" because \"this.stringRedisTemplate\" is null",
      "time" : {
        "start" : 1719057180951,
        "stop" : 1719057181312,
        "duration" : 361
      }
    }, {
      "uid" : "be105aa81fa0400",
      "status" : "broken",
      "statusDetails" : "Cannot invoke \"org.springframework.data.redis.core.StringRedisTemplate.delete(Object)\" because \"this.stringRedisTemplate\" is null",
      "time" : {
        "start" : 1719057141726,
        "stop" : 1719057142157,
        "duration" : 431
      }
    } ],
    "categories" : [ {
      "name" : "Product defects",
      "matchedStatuses" : [ ],
      "flaky" : false
    } ],
    "tags" : [ ]
  },
  "source" : "73b17e4e950a27c3.json",
  "parameterValues" : [ ]
}